<?xml version="1.0" encoding="UTF-8"?>
<robot generator="Robot 4.0.1 (Python 3.9.5 on win32)" generated="20220123 23:42:55.113" rpa="false" schemaversion="2">
<suite id="s1" name="Homework 1" source="D:\Homework Robot+CICD\Homework#1\Homework_1.robot">
<test id="s1-t1" name="Open w3schools Page">
<kw name="Open Browser Page">
<kw name="Get Variable Value" library="BuiltIn">
<var>${HEADLESS}</var>
<arg>${HEADLESS}</arg>
<arg>${False}</arg>
<doc>Returns variable value or ``default`` if the variable does not exist.</doc>
<msg timestamp="20220123 23:42:55.341" level="INFO">${HEADLESS} = False</msg>
<status status="PASS" starttime="20220123 23:42:55.340" endtime="20220123 23:42:55.341"/>
</kw>
<kw name="Create Dictionary" library="BuiltIn">
<var>&amp;{options}</var>
<arg>headless=${HEADLESS}</arg>
<doc>Creates and returns a dictionary based on the given ``items``.</doc>
<msg timestamp="20220123 23:42:55.341" level="INFO">&amp;{options} = { headless=False }</msg>
<status status="PASS" starttime="20220123 23:42:55.341" endtime="20220123 23:42:55.341"/>
</kw>
<kw name="Open Browser" library="PuppeteerLibrary">
<arg>https://www.w3schools.com/</arg>
<arg>options=${options}</arg>
<doc>Opens a new browser instance to the specific ``url``.</doc>
<msg timestamp="20220123 23:42:55.341" level="INFO">https://www.w3schools.com/</msg>
<status status="PASS" starttime="20220123 23:42:55.341" endtime="20220123 23:42:58.197"/>
</kw>
<status status="PASS" starttime="20220123 23:42:55.340" endtime="20220123 23:42:58.197"/>
</kw>
<status status="PASS" starttime="20220123 23:42:55.339" endtime="20220123 23:42:58.197"/>
</test>
<test id="s1-t2" name="Click Tutorials Dropdown List">
<kw name="Select Tutorials Menu">
<kw name="Click Element" library="PuppeteerLibrary">
<arg>xpath=//a[@id='navbtn_tutorials']</arg>
<doc>Clicks element identified by ``locator``.</doc>
<msg timestamp="20220123 23:42:58.199" level="INFO">Clicking element 'xpath=//a[@id='navbtn_tutorials']'.</msg>
<status status="PASS" starttime="20220123 23:42:58.199" endtime="20220123 23:42:58.270"/>
</kw>
<status status="PASS" starttime="20220123 23:42:58.199" endtime="20220123 23:42:58.270"/>
</kw>
<status status="PASS" starttime="20220123 23:42:58.199" endtime="20220123 23:42:58.270"/>
</test>
<test id="s1-t3" name="Click Learn Xpath">
<kw name="Go to Learn Xpath Page">
<kw name="Click Element" library="PuppeteerLibrary">
<arg>xpath=//body/nav[@id='nav_tutorials']/div[1]/div[1]/div[5]/a[17]</arg>
<doc>Clicks element identified by ``locator``.</doc>
<msg timestamp="20220123 23:42:58.272" level="INFO">Clicking element 'xpath=//body/nav[@id='nav_tutorials']/div[1]/div[1]/div[5]/a[17]'.</msg>
<status status="PASS" starttime="20220123 23:42:58.272" endtime="20220123 23:42:58.368"/>
</kw>
<kw name="Wait Until Page Contains Element" library="PuppeteerLibrary">
<arg>xpath=//h2[contains(text(),'What is XPath?')]</arg>
<doc>Waits until ``locator`` element appears on current page.</doc>
<status status="PASS" starttime="20220123 23:42:58.368" endtime="20220123 23:42:58.658"/>
</kw>
<status status="PASS" starttime="20220123 23:42:58.271" endtime="20220123 23:42:58.658"/>
</kw>
<status status="PASS" starttime="20220123 23:42:58.271" endtime="20220123 23:42:58.659"/>
</test>
<status status="PASS" starttime="20220123 23:42:55.114" endtime="20220123 23:42:58.663"/>
</suite>
<statistics>
<total>
<stat pass="3" fail="0" skip="0">All Tests</stat>
</total>
<tag>
</tag>
<suite>
<stat pass="3" fail="0" skip="0" id="s1" name="Homework 1">Homework 1</stat>
</suite>
</statistics>
<errors>
</errors>
</robot>
